<?xml version="1.0" ?>
<testsuite name="TestHello-20211105164705" tests="3" time="0.068" failures="0" errors="0">
	<testcase classname="TestHello" name="test_hello" time="0.055"/>
	<testcase classname="TestHello" name="test_hello_hello" time="0.006"/>
	<testcase classname="TestHello" name="test_hello_name" time="0.007"/>
	<system-out><![CDATA[]]></system-out>
	<system-err><![CDATA[]]></system-err>
</testsuite>
